<?xml version="1.0" encoding="UTF-8"?>
<testsuite xmlns:xsi="http://www.w3.org/2001/XMLSchema-instance" xsi:noNamespaceSchemaLocation="https://maven.apache.org/surefire/maven-surefire-plugin/xsd/surefire-test-report-3.0.xsd" version="3.0" name="TestSuite" time="81.209" tests="9" errors="0" skipped="0" failures="1">
  <properties>
[...]
</properties>
  <testcase name="testPersonalLoanEMI[500000, 13, 4, 13,414, 1,43,860](1)" classname="testcases.PersonalLoanEMITest" time="2.434">
    <system-out><![CDATA[13,414
]]></system-out>
    <system-err><![CDATA[Starting ChromeDriver 92.0.4515.107 (87a818b10553a07434ea9e2b6dccf3cbe7895134-refs/branch-heads/4515@{#1634}) on port 1564S9t
arOtnilnyg  lCohcroal conmneeDctriivoenrs  a92r.e 0a.ll4o5w1e5d..10
7P l(e8a7sae8 1s8eb1e0 55h3ta0t74p3s4e:a9e/2b6/dcccf3chrboe7m8e9d51ri34v-erre.fcshr/bomraiunmc.ho-hrega/dsse/c4u5r15i@ty{-#1c6o3n4si})de orant ipoornts  5fo1r0 0su
gOgnelyst ilooncasl  onc onkeneecpitniogn sCh raormeeD railvleorw edsa.fe
.P
lease see https://chromedriver.chromium.org/security-considerations for suggestions on keeping ChromeDriver safe.
ChromeDriver was started successfully.
ChromeDriver was started successfully.
Aug 16, 2021 1:48:47 AM org.openqa.selenium.remote.ProtocolHandshake createSession
INFO: Detected dialect: W3C
Aug 16, 2021 1:48:47 AM org.openqa.selenium.remote.ProtocolHandshake createSession
INFO: Detected dialect: W3C
]]></system-err>
  </testcase>
  <testcase name="testPersonalLoanEMI[400000, 15, 3, 13,866, 99,181](2)" classname="testcases.PersonalLoanEMITest" time="2.674">
    <system-out><![CDATA[13,866
]]></system-out>
    <system-err><![CDATA[Starting ChromeDriver 92.0.4515.107 (87a818b10553a07434ea9e2b6dccf3cbe7895134-refs/branch-heads/4515@{#1634}) on port 15797
Only local connections are allowed.
Please see https://chromedriver.chromium.org/security-considerations for suggestions on keeping ChromeDriver safe.
ChromeDriver was started successfully.
]]></system-err>
  </testcase>
  <testcase name="testPersonalLoanEMI[450000, 13.5, 2, 21,500, 65,992](3)" classname="testcases.PersonalLoanEMITest" time="2.199">
    <system-out><![CDATA[21,500
]]></system-out>
  </testcase>
  <testcase name="testPersonalLoanEMI[1000000, 12, 5, 22,244, 3,34,667](4)" classname="testcases.PersonalLoanEMITest" time="2.396">
    <system-out><![CDATA[22,244
]]></system-out>
    <system-err><![CDATA[Starting ChromeDriver 92.0.4515.107 (87a818b10553a07434ea9e2b6dccf3cbe7895134-refs/branch-heads/4515@{#1634}) on port 10009
Only local connections are allowed.
Please see https://chromedriver.chromium.org/security-considerations for suggestions on keeping ChromeDriver safe.
ChromeDriver was started successfully.
]]></system-err>
  </testcase>
  <testcase name="testHomeLoanEMI[500000, 7.5, 10, 5,935, 2,12,211](1)" classname="testcases.HomeLoanEMITest" time="2.803">
    <system-out><![CDATA[5,935
]]></system-out>
  </testcase>
  <testcase name="testHomeLoanEMI[500000, 8, 15, 4,778, 3,60,087](2)" classname="testcases.HomeLoanEMITest" time="1.167">
    <system-out><![CDATA[4,778
]]></system-out>
    <system-err><![CDATA[Starting ChromeDriver 92.0.4515.107 (87a818b10553a07434ea9e2b6dccf3cbe7895134-refs/branch-heads/4515@{#1634}) on port 2891
Only local connections are allowed.
Please see https://chromedriver.chromium.org/security-considerations for suggestions on keeping ChromeDriver safe.
ChromeDriver was started successfully.
Starting ChromeDriver 92.0.4515.107 (87a818b10553a07434ea9e2b6dccf3cbe7895134-refs/branch-heads/4515@{#1634}) on port 2820
Only local connections are allowed.
Please see https://chromedriver.chromium.org/security-considerations for suggestions on keeping ChromeDriver safe.
ChromeDriver was started successfully.
Aug 16, 2021 1:49:04 AM org.openqa.selenium.remote.ProtocolHandshake createSession
INFO: Detected dialect: W3C
Aug 16, 2021 1:49:04 AM org.openqa.selenium.remote.ProtocolHandshake createSession
INFO: Detected dialect: W3C
]]></system-err>
  </testcase>
  <testcase name="testHomeLoanEMI[800000, 8, 15, 7,545, 5,76,039](3)" classname="testcases.HomeLoanEMITest" time="1.198">
    <failure message="expected [7,545] but found [7,645]" type="java.lang.AssertionError"><![CDATA[java.lang.AssertionError: expected [7,545] but found [7,645]
	at testcases.HomeLoanEMITest.testHomeLoanEMI(HomeLoanEMITest.java:46)
]]></failure>
    <system-out><![CDATA[7,645
]]></system-out>
    <system-err><![CDATA[Starting ChromeDriver 92.0.4515.107 (87a818b10553a07434ea9e2b6dccf3cbe7895134-refs/branch-heads/4515@{#1634}) on port 38071
Only local connections are allowed.
Please see https://chromedriver.chromium.org/security-considerations for suggestions on keeping ChromeDriver safe.
ChromeDriver was started successfully.
Aug 16, 2021 1:49:19 AM org.openqa.selenium.remote.ProtocolHandshake createSession
INFO: Detected dialect: W3C
Aug 16, 2021 1:49:20 AM org.openqa.selenium.remote.ProtocolHandshake createSession
INFO: Detected dialect: W3C
]]></system-err>
  </testcase>
  <testcase name="testCarLoanEMI[400000, 12.5, 5, 8,999, 1,39,951](1)" classname="testcases.CarLoanEMI" time="0.694">
    <system-out><![CDATA[8,999
]]></system-out>
    <system-err><![CDATA[Starting ChromeDriver 92.0.4515.107 (87a818b10553a07434ea9e2b6dccf3cbe7895134-refs/branch-heads/4515@{#1634}) on port 27766
Only local connections are allowed.
Please see https://chromedriver.chromium.org/security-considerations for suggestions on keeping ChromeDriver safe.
ChromeDriver was started successfully.
Starting ChromeDriver 92.0.4515.107 (87a818b10553a07434ea9e2b6dccf3cbe7895134-refs/branch-heads/4515@{#1634}) on port 47736
Only local connections are allowed.
Please see https://chromedriver.chromium.org/security-considerations for suggestions on keeping ChromeDriver safe.
ChromeDriver was started successfully.
Aug 16, 2021 1:49:35 AM org.openqa.selenium.remote.ProtocolHandshake createSession
INFO: Detected dialect: W3C
Aug 16, 2021 1:49:35 AM org.openqa.selenium.remote.ProtocolHandshake createSession
INFO: Detected dialect: W3C
]]></system-err>
  </testcase>
  <testcase name="testCarLoanEMI[500000, 10, 6, 9,263, 1,66,930](2)" classname="testcases.CarLoanEMI" time="2.844">
    <system-out><![CDATA[9,263
]]></system-out>
    <system-err><![CDATA[Aug 16, 2021 1:49:50 AM org.openqa.selenium.remote.ProtocolHandshake createSession
INFO: Detected dialect: W3C
]]></system-err>
  </testcase>
</testsuite>