<?xml version="1.0" encoding="UTF-8"?>
<testng-results ignored="3" total="12" passed="8" failed="1" skipped="0">
  <reporter-output>
  </reporter-output>
  <suite started-at="2021-08-15T20:18:45Z" name="Loan Test" finished-at="2021-08-15T20:20:03Z" duration-ms="78730">
    <groups>
      <group name="Sanity">
        <method signature="CarLoanEMI.testCarLoanEMI(java.lang.String, java.lang.String, java.lang.String, java.lang.String, java.lang.String)[pri:0, instance:testcases.CarLoanEMI@4e4efc1b]" name="testCarLoanEMI" class="testcases.CarLoanEMI"/>
        <method signature="HomeLoanEMITest.testHomeLoanEMI(java.lang.String, java.lang.String, java.lang.String, java.lang.String, java.lang.String)[pri:0, instance:testcases.HomeLoanEMITest@4a9e6faf]" name="testHomeLoanEMI" class="testcases.HomeLoanEMITest"/>
        <method signature="PersonalLoanEMITest.testPersonalLoanEMI(java.lang.String, java.lang.String, java.lang.String, java.lang.String, java.lang.String)[pri:0, instance:testcases.PersonalLoanEMITest@2c95ac9e]" name="testPersonalLoanEMI" class="testcases.PersonalLoanEMITest"/>
      </group> <!-- Sanity -->
      <group name="Regression">
        <method signature="CarLoanEMI.testCarLoanEMI(java.lang.String, java.lang.String, java.lang.String, java.lang.String, java.lang.String)[pri:0, instance:testcases.CarLoanEMI@4e4efc1b]" name="testCarLoanEMI" class="testcases.CarLoanEMI"/>
        <method signature="HomeLoanEMITest.testHomeLoanEMI(java.lang.String, java.lang.String, java.lang.String, java.lang.String, java.lang.String)[pri:0, instance:testcases.HomeLoanEMITest@4a9e6faf]" name="testHomeLoanEMI" class="testcases.HomeLoanEMITest"/>
        <method signature="PersonalLoanEMITest.testPersonalLoanEMI(java.lang.String, java.lang.String, java.lang.String, java.lang.String, java.lang.String)[pri:0, instance:testcases.PersonalLoanEMITest@2c95ac9e]" name="testPersonalLoanEMI" class="testcases.PersonalLoanEMITest"/>
      </group> <!-- Regression -->
    </groups>
    <test started-at="2021-08-15T20:18:45Z" name="EMI Test" finished-at="2021-08-15T20:20:03Z" duration-ms="78730">
      <class name="testcases.PersonalLoanEMITest">
        <test-method is-config="true" signature="initialize()[pri:0, instance:testcases.PersonalLoanEMITest@2c95ac9e]" started-at="2021-08-15T20:18:45Z" name="initialize" finished-at="2021-08-15T20:18:58Z" duration-ms="13702" status="PASS">
          <reporter-output>
          </reporter-output>
        </test-method> <!-- initialize -->
        <test-method signature="testPersonalLoanEMI(java.lang.String, java.lang.String, java.lang.String, java.lang.String, java.lang.String)[pri:0, instance:testcases.PersonalLoanEMITest@2c95ac9e]" started-at="2021-08-15T20:18:58Z" name="testPersonalLoanEMI" data-provider="getDataForPersonalLoan" finished-at="2021-08-15T20:19:01Z" duration-ms="2856" status="PASS">
          <params>
            <param index="0">
              <value>
                <![CDATA[500000]]>
              </value>
            </param>
            <param index="1">
              <value>
                <![CDATA[13]]>
              </value>
            </param>
            <param index="2">
              <value>
                <![CDATA[4]]>
              </value>
            </param>
            <param index="3">
              <value>
                <![CDATA[13,414]]>
              </value>
            </param>
            <param index="4">
              <value>
                <![CDATA[1,43,860]]>
              </value>
            </param>
          </params>
          <reporter-output>
          </reporter-output>
        </test-method> <!-- testPersonalLoanEMI -->
        <test-method is-config="true" signature="tearDown()[pri:0, instance:testcases.PersonalLoanEMITest@2c95ac9e]" started-at="2021-08-15T20:19:01Z" name="tearDown" finished-at="2021-08-15T20:19:02Z" duration-ms="933" status="PASS">
          <reporter-output>
          </reporter-output>
        </test-method> <!-- tearDown -->
        <test-method is-config="true" signature="initialize()[pri:0, instance:testcases.PersonalLoanEMITest@2c95ac9e]" started-at="2021-08-15T20:19:02Z" name="initialize" finished-at="2021-08-15T20:19:15Z" duration-ms="13331" status="PASS">
          <reporter-output>
          </reporter-output>
        </test-method> <!-- initialize -->
        <test-method signature="testPersonalLoanEMI(java.lang.String, java.lang.String, java.lang.String, java.lang.String, java.lang.String)[pri:0, instance:testcases.PersonalLoanEMITest@2c95ac9e]" started-at="2021-08-15T20:19:15Z" name="testPersonalLoanEMI" data-provider="getDataForPersonalLoan" finished-at="2021-08-15T20:19:18Z" duration-ms="2600" status="PASS">
          <params>
            <param index="0">
              <value>
                <![CDATA[400000]]>
              </value>
            </param>
            <param index="1">
              <value>
                <![CDATA[15]]>
              </value>
            </param>
            <param index="2">
              <value>
                <![CDATA[3]]>
              </value>
            </param>
            <param index="3">
              <value>
                <![CDATA[13,866]]>
              </value>
            </param>
            <param index="4">
              <value>
                <![CDATA[99,181]]>
              </value>
            </param>
          </params>
          <reporter-output>
          </reporter-output>
        </test-method> <!-- testPersonalLoanEMI -->
        <test-method is-config="true" signature="tearDown()[pri:0, instance:testcases.PersonalLoanEMITest@2c95ac9e]" started-at="2021-08-15T20:19:18Z" name="tearDown" finished-at="2021-08-15T20:19:19Z" duration-ms="862" status="PASS">
          <reporter-output>
          </reporter-output>
        </test-method> <!-- tearDown -->
        <test-method is-config="true" signature="initialize()[pri:0, instance:testcases.PersonalLoanEMITest@2c95ac9e]" started-at="2021-08-15T20:19:19Z" name="initialize" finished-at="2021-08-15T20:19:30Z" duration-ms="11521" status="PASS">
          <reporter-output>
          </reporter-output>
        </test-method> <!-- initialize -->
        <test-method signature="testPersonalLoanEMI(java.lang.String, java.lang.String, java.lang.String, java.lang.String, java.lang.String)[pri:0, instance:testcases.PersonalLoanEMITest@2c95ac9e]" started-at="2021-08-15T20:19:30Z" name="testPersonalLoanEMI" data-provider="getDataForPersonalLoan" finished-at="2021-08-15T20:19:33Z" duration-ms="2198" status="PASS">
          <params>
            <param index="0">
              <value>
                <![CDATA[450000]]>
              </value>
            </param>
            <param index="1">
              <value>
                <![CDATA[13.5]]>
              </value>
            </param>
            <param index="2">
              <value>
                <![CDATA[2]]>
              </value>
            </param>
            <param index="3">
              <value>
                <![CDATA[21,500]]>
              </value>
            </param>
            <param index="4">
              <value>
                <![CDATA[65,992]]>
              </value>
            </param>
          </params>
          <reporter-output>
          </reporter-output>
        </test-method> <!-- testPersonalLoanEMI -->
        <test-method is-config="true" signature="tearDown()[pri:0, instance:testcases.PersonalLoanEMITest@2c95ac9e]" started-at="2021-08-15T20:19:33Z" name="tearDown" finished-at="2021-08-15T20:19:34Z" duration-ms="865" status="PASS">
          <reporter-output>
          </reporter-output>
        </test-method> <!-- tearDown -->
        <test-method is-config="true" signature="initialize()[pri:0, instance:testcases.PersonalLoanEMITest@2c95ac9e]" started-at="2021-08-15T20:19:34Z" name="initialize" finished-at="2021-08-15T20:19:47Z" duration-ms="13008" status="PASS">
          <reporter-output>
          </reporter-output>
        </test-method> <!-- initialize -->
        <test-method signature="testPersonalLoanEMI(java.lang.String, java.lang.String, java.lang.String, java.lang.String, java.lang.String)[pri:0, instance:testcases.PersonalLoanEMITest@2c95ac9e]" started-at="2021-08-15T20:19:47Z" name="testPersonalLoanEMI" data-provider="getDataForPersonalLoan" finished-at="2021-08-15T20:19:49Z" duration-ms="2336" status="PASS">
          <params>
            <param index="0">
              <value>
                <![CDATA[1000000]]>
              </value>
            </param>
            <param index="1">
              <value>
                <![CDATA[12]]>
              </value>
            </param>
            <param index="2">
              <value>
                <![CDATA[5]]>
              </value>
            </param>
            <param index="3">
              <value>
                <![CDATA[22,244]]>
              </value>
            </param>
            <param index="4">
              <value>
                <![CDATA[3,34,667]]>
              </value>
            </param>
          </params>
          <reporter-output>
          </reporter-output>
        </test-method> <!-- testPersonalLoanEMI -->
        <test-method is-config="true" signature="tearDown()[pri:0, instance:testcases.PersonalLoanEMITest@2c95ac9e]" started-at="2021-08-15T20:19:49Z" name="tearDown" finished-at="2021-08-15T20:19:50Z" duration-ms="1198" status="PASS">
          <reporter-output>
          </reporter-output>
        </test-method> <!-- tearDown -->
      </class> <!-- testcases.PersonalLoanEMITest -->
      <class name="testcases.HomeLoanEMITest">
        <test-method is-config="true" signature="initialize()[pri:0, instance:testcases.HomeLoanEMITest@4a9e6faf]" started-at="2021-08-15T20:18:45Z" name="initialize" finished-at="2021-08-15T20:18:59Z" duration-ms="14125" status="PASS">
          <reporter-output>
          </reporter-output>
        </test-method> <!-- initialize -->
        <test-method signature="testHomeLoanEMI(java.lang.String, java.lang.String, java.lang.String, java.lang.String, java.lang.String)[pri:0, instance:testcases.HomeLoanEMITest@4a9e6faf]" started-at="2021-08-15T20:18:59Z" name="testHomeLoanEMI" data-provider="getDataForHomeLoan" finished-at="2021-08-15T20:19:02Z" duration-ms="2807" status="PASS">
          <params>
            <param index="0">
              <value>
                <![CDATA[500000]]>
              </value>
            </param>
            <param index="1">
              <value>
                <![CDATA[7.5]]>
              </value>
            </param>
            <param index="2">
              <value>
                <![CDATA[10]]>
              </value>
            </param>
            <param index="3">
              <value>
                <![CDATA[5,935]]>
              </value>
            </param>
            <param index="4">
              <value>
                <![CDATA[2,12,211]]>
              </value>
            </param>
          </params>
          <reporter-output>
          </reporter-output>
        </test-method> <!-- testHomeLoanEMI -->
        <test-method is-config="true" signature="tearDown()[pri:0, instance:testcases.HomeLoanEMITest@4a9e6faf]" started-at="2021-08-15T20:19:02Z" name="tearDown" finished-at="2021-08-15T20:19:02Z" duration-ms="842" status="PASS">
          <reporter-output>
          </reporter-output>
        </test-method> <!-- tearDown -->
        <test-method is-config="true" signature="initialize()[pri:0, instance:testcases.HomeLoanEMITest@4a9e6faf]" started-at="2021-08-15T20:19:02Z" name="initialize" finished-at="2021-08-15T20:19:14Z" duration-ms="11619" status="PASS">
          <reporter-output>
          </reporter-output>
        </test-method> <!-- initialize -->
        <test-method signature="testHomeLoanEMI(java.lang.String, java.lang.String, java.lang.String, java.lang.String, java.lang.String)[pri:0, instance:testcases.HomeLoanEMITest@4a9e6faf]" started-at="2021-08-15T20:19:14Z" name="testHomeLoanEMI" data-provider="getDataForHomeLoan" finished-at="2021-08-15T20:19:17Z" duration-ms="2608" status="PASS">
          <params>
            <param index="0">
              <value>
                <![CDATA[500000]]>
              </value>
            </param>
            <param index="1">
              <value>
                <![CDATA[8]]>
              </value>
            </param>
            <param index="2">
              <value>
                <![CDATA[15]]>
              </value>
            </param>
            <param index="3">
              <value>
                <![CDATA[4,778]]>
              </value>
            </param>
            <param index="4">
              <value>
                <![CDATA[3,60,087]]>
              </value>
            </param>
          </params>
          <reporter-output>
          </reporter-output>
        </test-method> <!-- testHomeLoanEMI -->
        <test-method is-config="true" signature="tearDown()[pri:0, instance:testcases.HomeLoanEMITest@4a9e6faf]" started-at="2021-08-15T20:19:17Z" name="tearDown" finished-at="2021-08-15T20:19:18Z" duration-ms="981" status="PASS">
          <reporter-output>
          </reporter-output>
        </test-method> <!-- tearDown -->
        <test-method is-config="true" signature="initialize()[pri:0, instance:testcases.HomeLoanEMITest@4a9e6faf]" started-at="2021-08-15T20:19:18Z" name="initialize" finished-at="2021-08-15T20:19:29Z" duration-ms="11570" status="PASS">
          <reporter-output>
          </reporter-output>
        </test-method> <!-- initialize -->
        <test-method signature="testHomeLoanEMI(java.lang.String, java.lang.String, java.lang.String, java.lang.String, java.lang.String)[pri:0, instance:testcases.HomeLoanEMITest@4a9e6faf]" started-at="2021-08-15T20:19:29Z" name="testHomeLoanEMI" data-provider="getDataForHomeLoan" finished-at="2021-08-15T20:19:32Z" duration-ms="2453" status="FAIL">
          <params>
            <param index="0">
              <value>
                <![CDATA[800000]]>
              </value>
            </param>
            <param index="1">
              <value>
                <![CDATA[8]]>
              </value>
            </param>
            <param index="2">
              <value>
                <![CDATA[15]]>
              </value>
            </param>
            <param index="3">
              <value>
                <![CDATA[7,545]]>
              </value>
            </param>
            <param index="4">
              <value>
                <![CDATA[5,76,039]]>
              </value>
            </param>
          </params>
          <exception class="java.lang.AssertionError">
            <message>
              <![CDATA[expected [7,545] but found [7,645]]]>
            </message>
            <full-stacktrace>
              <![CDATA[java.lang.AssertionError: expected [7,545] but found [7,645]
at org.testng.Assert.fail(Assert.java:96)
at org.testng.Assert.failNotEquals(Assert.java:776)
at org.testng.Assert.assertEqualsImpl(Assert.java:137)
at org.testng.Assert.assertEquals(Assert.java:118)
at org.testng.Assert.assertEquals(Assert.java:453)
at org.testng.Assert.assertEquals(Assert.java:463)
at testcases.HomeLoanEMITest.testHomeLoanEMI(HomeLoanEMITest.java:46)
at java.base/jdk.internal.reflect.NativeMethodAccessorImpl.invoke0(Native Method)
at java.base/jdk.internal.reflect.NativeMethodAccessorImpl.invoke(NativeMethodAccessorImpl.java:62)
at java.base/jdk.internal.reflect.DelegatingMethodAccessorImpl.invoke(DelegatingMethodAccessorImpl.java:43)
at java.base/java.lang.reflect.Method.invoke(Method.java:566)
at org.testng.internal.MethodInvocationHelper.invokeMethod(MethodInvocationHelper.java:124)
at org.testng.internal.Invoker.invokeMethod(Invoker.java:583)
at org.testng.internal.Invoker.invokeTestMethod(Invoker.java:719)
at org.testng.internal.Invoker.invokeTestMethods(Invoker.java:989)
at org.testng.internal.TestMethodWorker.invokeTestMethods(TestMethodWorker.java:125)
at org.testng.internal.TestMethodWorker.run(TestMethodWorker.java:109)
at java.base/java.util.concurrent.ThreadPoolExecutor.runWorker(ThreadPoolExecutor.java:1128)
at java.base/java.util.concurrent.ThreadPoolExecutor$Worker.run(ThreadPoolExecutor.java:628)
at java.base/java.lang.Thread.run(Thread.java:834)
]]>
            </full-stacktrace>
          </exception> <!-- java.lang.AssertionError -->
          <reporter-output>
          </reporter-output>
        </test-method> <!-- testHomeLoanEMI -->
        <test-method is-config="true" signature="tearDown()[pri:0, instance:testcases.HomeLoanEMITest@4a9e6faf]" started-at="2021-08-15T20:19:32Z" name="tearDown" finished-at="2021-08-15T20:19:33Z" duration-ms="881" status="PASS">
          <reporter-output>
          </reporter-output>
        </test-method> <!-- tearDown -->
      </class> <!-- testcases.HomeLoanEMITest -->
      <class name="testcases.CarLoanEMI">
        <test-method is-config="true" signature="initialize()[pri:0, instance:testcases.CarLoanEMI@4e4efc1b]" started-at="2021-08-15T20:19:33Z" name="initialize" finished-at="2021-08-15T20:19:45Z" duration-ms="11273" status="PASS">
          <reporter-output>
          </reporter-output>
        </test-method> <!-- initialize -->
        <test-method signature="testCarLoanEMI(java.lang.String, java.lang.String, java.lang.String, java.lang.String, java.lang.String)[pri:0, instance:testcases.CarLoanEMI@4e4efc1b]" started-at="2021-08-15T20:19:45Z" name="testCarLoanEMI" data-provider="getDataForCarLoan" finished-at="2021-08-15T20:19:47Z" duration-ms="2650" status="PASS">
          <params>
            <param index="0">
              <value>
                <![CDATA[400000]]>
              </value>
            </param>
            <param index="1">
              <value>
                <![CDATA[12.5]]>
              </value>
            </param>
            <param index="2">
              <value>
                <![CDATA[5]]>
              </value>
            </param>
            <param index="3">
              <value>
                <![CDATA[8,999]]>
              </value>
            </param>
            <param index="4">
              <value>
                <![CDATA[1,39,951]]>
              </value>
            </param>
          </params>
          <reporter-output>
          </reporter-output>
        </test-method> <!-- testCarLoanEMI -->
        <test-method is-config="true" signature="tearDown()[pri:0, instance:testcases.CarLoanEMI@4e4efc1b]" started-at="2021-08-15T20:19:47Z" name="tearDown" finished-at="2021-08-15T20:19:48Z" duration-ms="925" status="PASS">
          <reporter-output>
          </reporter-output>
        </test-method> <!-- tearDown -->
        <test-method is-config="true" signature="initialize()[pri:0, instance:testcases.CarLoanEMI@4e4efc1b]" started-at="2021-08-15T20:19:48Z" name="initialize" finished-at="2021-08-15T20:19:59Z" duration-ms="11289" status="PASS">
          <reporter-output>
          </reporter-output>
        </test-method> <!-- initialize -->
        <test-method signature="testCarLoanEMI(java.lang.String, java.lang.String, java.lang.String, java.lang.String, java.lang.String)[pri:0, instance:testcases.CarLoanEMI@4e4efc1b]" started-at="2021-08-15T20:19:59Z" name="testCarLoanEMI" data-provider="getDataForCarLoan" finished-at="2021-08-15T20:20:02Z" duration-ms="2865" status="PASS">
          <params>
            <param index="0">
              <value>
                <![CDATA[500000]]>
              </value>
            </param>
            <param index="1">
              <value>
                <![CDATA[10]]>
              </value>
            </param>
            <param index="2">
              <value>
                <![CDATA[6]]>
              </value>
            </param>
            <param index="3">
              <value>
                <![CDATA[9,263]]>
              </value>
            </param>
            <param index="4">
              <value>
                <![CDATA[1,66,930]]>
              </value>
            </param>
          </params>
          <reporter-output>
          </reporter-output>
        </test-method> <!-- testCarLoanEMI -->
        <test-method is-config="true" signature="tearDown()[pri:0, instance:testcases.CarLoanEMI@4e4efc1b]" started-at="2021-08-15T20:20:02Z" name="tearDown" finished-at="2021-08-15T20:20:03Z" duration-ms="1023" status="PASS">
          <reporter-output>
          </reporter-output>
        </test-method> <!-- tearDown -->
      </class> <!-- testcases.CarLoanEMI -->
    </test> <!-- EMI Test -->
  </suite> <!-- Loan Test -->
</testng-results>
