<?xml version="1.0" encoding="UTF-8"?>
<!-- Generated by org.testng.reporters.JUnitXMLReporter -->
<testsuite ignored="3" hostname="Aniket" failures="0" tests="9" name="EMI Test" time="0.081" errors="0" timestamp="17 Aug 2021 07:28:27 GMT">
  <testcase classname="testcases.HomeLoanEMITest" name="@BeforeMethod initialize" time="0.008">
    <failure type="java.lang.NullPointerException">
      <![CDATA[java.lang.NullPointerException
at common.TestBase.initializeDriver(TestBase.java:40)
at testcases.HomeLoanEMITest.initialize(HomeLoanEMITest.java:25)
at java.base/java.util.concurrent.ThreadPoolExecutor.runWorker(ThreadPoolExecutor.java:1128)
at java.base/java.util.concurrent.ThreadPoolExecutor$Worker.run(ThreadPoolExecutor.java:628)
at java.base/java.lang.Thread.run(Thread.java:834)
... Removed 13 stack frames]]>
    </failure>
  </testcase> <!-- @BeforeMethod initialize -->
  <testcase classname="testcases.PersonalLoanEMITest" name="@BeforeMethod initialize" time="0.008">
    <failure type="java.lang.NullPointerException">
      <![CDATA[java.lang.NullPointerException
at common.TestBase.initializeDriver(TestBase.java:40)
at testcases.PersonalLoanEMITest.initialize(PersonalLoanEMITest.java:24)
at java.base/java.util.concurrent.ThreadPoolExecutor.runWorker(ThreadPoolExecutor.java:1128)
at java.base/java.util.concurrent.ThreadPoolExecutor$Worker.run(ThreadPoolExecutor.java:628)
at java.base/java.lang.Thread.run(Thread.java:834)
... Removed 13 stack frames]]>
    </failure>
  </testcase> <!-- @BeforeMethod initialize -->
  <testcase classname="testcases.HomeLoanEMITest" name="@AfterMethod tearDown" time="0.0">
    <skipped/>
  </testcase> <!-- @AfterMethod tearDown -->
  <testcase classname="testcases.PersonalLoanEMITest" name="@AfterMethod tearDown" time="0.0">
    <skipped/>
  </testcase> <!-- @AfterMethod tearDown -->
  <testcase classname="testcases.HomeLoanEMITest" name="@BeforeMethod initialize" time="0.0">
    <skipped/>
  </testcase> <!-- @BeforeMethod initialize -->
  <testcase classname="testcases.PersonalLoanEMITest" name="@BeforeMethod initialize" time="0.0">
    <skipped/>
  </testcase> <!-- @BeforeMethod initialize -->
  <testcase classname="testcases.HomeLoanEMITest" name="@AfterMethod tearDown" time="0.0">
    <skipped/>
  </testcase> <!-- @AfterMethod tearDown -->
  <testcase classname="testcases.PersonalLoanEMITest" name="@AfterMethod tearDown" time="0.0">
    <skipped/>
  </testcase> <!-- @AfterMethod tearDown -->
  <testcase classname="testcases.HomeLoanEMITest" name="@BeforeMethod initialize" time="0.0">
    <skipped/>
  </testcase> <!-- @BeforeMethod initialize -->
  <testcase classname="testcases.HomeLoanEMITest" name="@AfterMethod tearDown" time="0.0">
    <skipped/>
  </testcase> <!-- @AfterMethod tearDown -->
  <testcase classname="testcases.PersonalLoanEMITest" name="@BeforeMethod initialize" time="0.0">
    <skipped/>
  </testcase> <!-- @BeforeMethod initialize -->
  <testcase classname="testcases.PersonalLoanEMITest" name="@AfterMethod tearDown" time="0.0">
    <skipped/>
  </testcase> <!-- @AfterMethod tearDown -->
  <testcase classname="testcases.PersonalLoanEMITest" name="@BeforeMethod initialize" time="0.0">
    <skipped/>
  </testcase> <!-- @BeforeMethod initialize -->
  <testcase classname="testcases.PersonalLoanEMITest" name="@AfterMethod tearDown" time="0.0">
    <skipped/>
  </testcase> <!-- @AfterMethod tearDown -->
  <testcase classname="testcases.CarLoanEMI" name="@BeforeMethod initialize" time="0.001">
    <failure type="java.lang.NullPointerException">
      <![CDATA[java.lang.NullPointerException
at common.TestBase.initializeDriver(TestBase.java:40)
at testcases.CarLoanEMI.initialize(CarLoanEMI.java:24)
at java.base/java.util.concurrent.ThreadPoolExecutor.runWorker(ThreadPoolExecutor.java:1128)
at java.base/java.util.concurrent.ThreadPoolExecutor$Worker.run(ThreadPoolExecutor.java:628)
at java.base/java.lang.Thread.run(Thread.java:834)
... Removed 13 stack frames]]>
    </failure>
  </testcase> <!-- @BeforeMethod initialize -->
  <testcase classname="testcases.CarLoanEMI" name="@AfterMethod tearDown" time="0.0">
    <skipped/>
  </testcase> <!-- @AfterMethod tearDown -->
  <testcase classname="testcases.CarLoanEMI" name="@BeforeMethod initialize" time="0.0">
    <skipped/>
  </testcase> <!-- @BeforeMethod initialize -->
  <testcase classname="testcases.CarLoanEMI" name="@AfterMethod tearDown" time="0.0">
    <skipped/>
  </testcase> <!-- @AfterMethod tearDown -->
  <testcase classname="testcases.HomeLoanEMITest" name="testHomeLoanEMI" time="0.0">
    <skipped/>
  </testcase> <!-- testHomeLoanEMI -->
  <testcase classname="testcases.PersonalLoanEMITest" name="testPersonalLoanEMI" time="0.0">
    <skipped/>
  </testcase> <!-- testPersonalLoanEMI -->
  <testcase classname="testcases.HomeLoanEMITest" name="testHomeLoanEMI" time="0.0">
    <skipped/>
  </testcase> <!-- testHomeLoanEMI -->
  <testcase classname="testcases.PersonalLoanEMITest" name="testPersonalLoanEMI" time="0.0">
    <skipped/>
  </testcase> <!-- testPersonalLoanEMI -->
  <testcase classname="testcases.HomeLoanEMITest" name="testHomeLoanEMI" time="0.0">
    <skipped/>
  </testcase> <!-- testHomeLoanEMI -->
  <testcase classname="testcases.PersonalLoanEMITest" name="testPersonalLoanEMI" time="0.0">
    <skipped/>
  </testcase> <!-- testPersonalLoanEMI -->
  <testcase classname="testcases.PersonalLoanEMITest" name="testPersonalLoanEMI" time="0.0">
    <skipped/>
  </testcase> <!-- testPersonalLoanEMI -->
  <testcase classname="testcases.CarLoanEMI" name="testCarLoanEMI" time="0.0">
    <skipped/>
  </testcase> <!-- testCarLoanEMI -->
  <testcase classname="testcases.CarLoanEMI" name="testCarLoanEMI" time="0.0">
    <skipped/>
  </testcase> <!-- testCarLoanEMI -->
  <testcase classname="testcases.PersonalLoanEMITest" name="testPersonalLoanInterest" time="0.0">
    <ignored/>
  </testcase> <!-- testPersonalLoanInterest -->
  <testcase classname="testcases.HomeLoanEMITest" name="testHomeLoanInterest" time="0.0">
    <ignored/>
  </testcase> <!-- testHomeLoanInterest -->
  <testcase classname="testcases.CarLoanEMI" name="testCarLoanInterest" time="0.0">
    <ignored/>
  </testcase> <!-- testCarLoanInterest -->
</testsuite> <!-- EMI Test -->
