<?xml version="1.0" encoding="UTF-8"?>
<!-- Generated by org.testng.reporters.JUnitXMLReporter -->
<testsuite ignored="3" hostname="Aniket" failures="1" tests="9" name="EMI Test" time="78.73" errors="0" timestamp="15 Aug 2021 20:20:03 GMT">
  <testcase classname="testcases.PersonalLoanEMITest" name="testPersonalLoanEMI" time="2.856"/>
  <testcase classname="testcases.HomeLoanEMITest" name="testHomeLoanEMI" time="2.807"/>
  <testcase classname="testcases.HomeLoanEMITest" name="testHomeLoanEMI" time="2.608"/>
  <testcase classname="testcases.PersonalLoanEMITest" name="testPersonalLoanEMI" time="2.6"/>
  <testcase classname="testcases.HomeLoanEMITest" name="testHomeLoanEMI" time="2.453">
    <failure type="java.lang.AssertionError" message="expected [7,545] but found [7,645]">
      <![CDATA[java.lang.AssertionError: expected [7,545] but found [7,645]
at testcases.HomeLoanEMITest.testHomeLoanEMI(HomeLoanEMITest.java:46)
at java.base/java.util.concurrent.ThreadPoolExecutor.runWorker(ThreadPoolExecutor.java:1128)
at java.base/java.util.concurrent.ThreadPoolExecutor$Worker.run(ThreadPoolExecutor.java:628)
at java.base/java.lang.Thread.run(Thread.java:834)
... Removed 16 stack frames]]>
    </failure>
  </testcase> <!-- testHomeLoanEMI -->
  <testcase classname="testcases.PersonalLoanEMITest" name="testPersonalLoanEMI" time="2.198"/>
  <testcase classname="testcases.CarLoanEMI" name="testCarLoanEMI" time="2.65"/>
  <testcase classname="testcases.PersonalLoanEMITest" name="testPersonalLoanEMI" time="2.336"/>
  <testcase classname="testcases.CarLoanEMI" name="testCarLoanEMI" time="2.865"/>
  <testcase classname="testcases.PersonalLoanEMITest" name="testPersonalLoanInterest" time="0.0">
    <ignored/>
  </testcase> <!-- testPersonalLoanInterest -->
  <testcase classname="testcases.HomeLoanEMITest" name="testHomeLoanInterest" time="0.0">
    <ignored/>
  </testcase> <!-- testHomeLoanInterest -->
  <testcase classname="testcases.CarLoanEMI" name="testCarLoanInterest" time="0.0">
    <ignored/>
  </testcase> <!-- testCarLoanInterest -->
</testsuite> <!-- EMI Test -->
